<?xml version="1.0" encoding="UTF-8"?>
<testng-results skipped="0" failed="0" ignored="0" total="1" passed="1">
  <reporter-output>
  </reporter-output>
  <suite name="Default suite" duration-ms="43561" started-at="2018-06-22T16:11:14Z" finished-at="2018-06-22T16:11:58Z">
    <groups>
    </groups>
    <test name="Default test" duration-ms="43561" started-at="2018-06-22T16:11:14Z" finished-at="2018-06-22T16:11:58Z">
      <class name="Samplegittest.samplegittest">
        <test-method status="PASS" signature="logintest()[pri:0, instance:Samplegittest.samplegittest@23d2a7e8]" name="logintest" duration-ms="43354" started-at="2018-06-22T16:11:14Z" finished-at="2018-06-22T16:11:58Z">
          <reporter-output>
          </reporter-output>
        </test-method> <!-- logintest -->
      </class> <!-- Samplegittest.samplegittest -->
    </test> <!-- Default test -->
  </suite> <!-- Default suite -->
</testng-results>
